TN:
SF:src/app.ts
FNF:0
FNH:0
DA:1,1
DA:2,1
DA:3,1
DA:4,1
DA:5,1
DA:7,1
DA:8,1
DA:9,1
DA:11,1
DA:12,1
DA:14,1
LF:11
LH:11
BRF:0
BRH:0
end_of_record
TN:
SF:src/database.ts
FNF:0
FNH:0
DA:1,2
DA:3,2
DA:4,2
LF:3
LH:3
BRF:0
BRH:0
end_of_record
TN:
SF:src/controllers/recommendationController.ts
FN:6,insert
FN:17,upvote
FN:25,downvote
FN:33,random
FN:39,get
FN:44,getTop
FN:51,getById
FNF:7
FNH:7
FNDA:4,insert
FNDA:2,upvote
FNDA:2,downvote
FNDA:1,random
FNDA:1,get
FNDA:2,getTop
FNDA:4,getById
DA:2,1
DA:3,1
DA:4,1
DA:7,4
DA:8,4
DA:9,2
DA:12,2
DA:14,1
DA:18,2
DA:20,2
DA:22,1
DA:26,2
DA:28,2
DA:30,1
DA:34,1
DA:36,1
DA:40,1
DA:41,1
DA:45,2
DA:47,2
DA:48,2
DA:52,4
DA:54,4
DA:55,1
DA:58,1
LF:25
LH:25
BRDA:8,0,0,2
BRF:1
BRH:1
end_of_record
TN:
SF:src/middlewares/errorHandlerMiddleware.ts
FN:8,errorHandlerMiddleware
FNF:1
FNH:1
FNDA:8,errorHandlerMiddleware
DA:2,1
DA:8,1
DA:14,8
DA:16,8
DA:17,8
DA:20,0
LF:6
LH:5
BRDA:16,0,0,8
BRF:1
BRH:1
end_of_record
TN:
SF:src/repositories/recommendationRepository.ts
FN:5,create
FN:16,findAll
FN:26,getAmountByScore
FN:33,getFindAllFilter
FN:45,find
FN:51,findByName
FN:57,updateScore
FN:66,remove
FNF:8
FNH:7
FNDA:1,create
FNDA:3,findAll
FNDA:2,getAmountByScore
FNDA:3,getFindAllFilter
FNDA:8,find
FNDA:2,findByName
FNDA:2,updateScore
FNDA:0,remove
DA:2,2
DA:6,1
DA:17,3
DA:19,3
DA:27,2
DA:36,3
DA:38,1
DA:40,1
DA:46,8
DA:52,2
DA:58,2
DA:67,0
DA:72,2
LF:13
LH:12
BRDA:36,0,0,2
BRF:1
BRH:1
end_of_record
TN:
SF:src/routers/recommendationRouter.ts
FNF:0
FNH:0
DA:1,1
DA:2,1
DA:4,1
DA:6,1
DA:7,1
DA:8,1
DA:9,1
DA:10,1
DA:11,1
DA:12,1
DA:14,1
LF:11
LH:11
BRF:0
BRH:0
end_of_record
TN:
SF:src/schemas/recommendationsSchemas.ts
FNF:0
FNH:0
DA:1,1
DA:4,1
DA:6,1
LF:3
LH:3
BRF:0
BRH:0
end_of_record
TN:
SF:src/services/recommendationsService.ts
FN:7,insert
FN:17,upvote
FN:23,downvote
FN:36,getByIdOrFail
FN:43,get
FN:47,getTop
FN:51,getRandom
FN:64,getByScore
FN:77,getScoreFilter
FNF:9
FNH:9
FNDA:4,insert
FNDA:2,upvote
FNDA:2,downvote
FNDA:8,getByIdOrFail
FNDA:1,get
FNDA:2,getTop
FNDA:1,getRandom
FNDA:1,getByScore
FNDA:1,getScoreFilter
DA:2,2
DA:3,2
DA:8,4
DA:11,4
DA:12,2
DA:14,2
DA:18,2
DA:20,1
DA:24,2
DA:26,1
DA:31,1
DA:32,0
DA:37,8
DA:38,8
DA:40,3
DA:44,1
DA:48,2
DA:52,1
DA:53,1
DA:55,1
DA:56,1
DA:57,0
DA:60,1
DA:61,1
DA:65,1
DA:70,1
DA:71,0
DA:74,1
DA:78,1
DA:79,1
DA:82,0
DA:85,2
LF:32
LH:28
BRDA:11,0,0,2
BRDA:31,1,0,0
BRDA:38,2,0,5
BRDA:56,3,0,0
BRDA:70,4,0,0
BRDA:78,5,0,1
BRF:6
BRH:3
end_of_record
TN:
SF:src/utils/errorUtils.ts
FN:7,isAppError
FN:11,errorTypeToStatusCode
FN:19,conflictError
FN:23,notFoundError
FN:27,unauthorizedError
FN:31,wrongSchemaError
FNF:6
FNH:5
FNDA:8,isAppError
FNDA:8,errorTypeToStatusCode
FNDA:2,conflictError
FNDA:5,notFoundError
FNDA:0,unauthorizedError
FNDA:2,wrongSchemaError
DA:7,2
DA:8,8
DA:11,2
DA:12,8
DA:13,7
DA:14,2
DA:15,2
DA:16,0
DA:19,2
DA:20,2
DA:23,2
DA:24,5
DA:27,2
DA:28,0
DA:31,2
DA:32,2
LF:16
LH:14
BRDA:12,0,0,1
BRDA:13,1,0,5
BRDA:14,2,0,0
BRDA:15,3,0,2
BRDA:20,4,0,2
BRDA:20,4,1,0
BRDA:20,5,0,2
BRDA:20,5,1,2
BRDA:24,6,0,0
BRDA:24,6,1,5
BRDA:24,7,0,5
BRDA:24,7,1,5
BRDA:28,8,0,0
BRDA:28,8,1,0
BRDA:28,9,0,0
BRDA:28,9,1,0
BRDA:32,10,0,0
BRDA:32,10,1,2
BRDA:32,11,0,2
BRDA:32,11,1,2
BRF:20
BRH:12
end_of_record
TN:
SF:tests/integration/factories/recommendationFactory.ts
FN:5,recommendation
FN:14,sameRecommendation
FN:22,wrongRecommendation
FN:30,newRecomendation
FN:36,sameName
FNF:5
FNH:5
FNDA:5,recommendation
FNDA:1,sameRecommendation
FNDA:1,wrongRecommendation
FNDA:4,newRecomendation
FNDA:1,sameName
DA:2,1
DA:3,1
DA:6,5
DA:7,5
DA:11,5
DA:15,1
DA:19,1
DA:23,1
DA:27,1
DA:30,1
DA:31,4
DA:32,4
DA:33,4
DA:36,1
DA:37,1
DA:38,1
DA:39,1
DA:42,1
DA:48,1
LF:19
LH:19
BRF:0
BRH:0
end_of_record
